<?xml version="1.0" encoding="UTF-8"?>
<!-- Generated by org.testng.reporters.JUnitXMLReporter -->
<testsuite ignored="0" hostname="LAPTOP-6CSJPV6G" failures="0" tests="4" name="SmokeTest" time="34.149" errors="0" timestamp="2025-12-23T14:45:46 IST">
  <testcase classname="Claims.PartnerAdmin.Partner_Admin_FlowTest" name="verifyDashboardActiveClaimsCount" time="3.909"/>
  <testcase classname="Claims.PartnerAdmin.Partner_Admin_FlowTest" name="verifyPartnerRefereeList" time="3.949"/>
  <testcase classname="Claims.PartnerAdmin.Partner_Admin_FlowTest" name="verifyViewClaimsNavigation" time="3.951"/>
  <testcase classname="Claims.PartnerAdmin.Partner_Admin_FlowTest" name="verifyRecentClaimsListAndStatus" time="3.961"/>
</testsuite> <!-- SmokeTest -->
