<?xml version="1.0" encoding="UTF-8"?>
<!-- Generated by org.testng.reporters.JUnitXMLReporter -->
<testsuite ignored="6" hostname="LAPTOP-6CSJPV6G" failures="0" tests="1" name="Default test" time="11.4" errors="0" timestamp="2025-12-17T15:36:30 IST">
  <testcase classname="Claims.Project.DashboardTest" name="TC_06_VerifyValidSearchShowsCorrectResult" time="3.161"/>
  <testcase classname="Claims.Project.DashboardTest" name="TC_05_VerifyInvalidSearchShowsEmpty" time="0.0">
    <ignored/>
  </testcase> <!-- TC_05_VerifyInvalidSearchShowsEmpty -->
  <testcase classname="Claims.Project.DashboardTest" name="TC_02_VerifyDashboardDataLoaded" time="0.0">
    <ignored/>
  </testcase> <!-- TC_02_VerifyDashboardDataLoaded -->
  <testcase classname="Claims.Project.DashboardTest" name="TC_04_VerifyViewAllNavigation" time="0.0">
    <ignored/>
  </testcase> <!-- TC_04_VerifyViewAllNavigation -->
  <testcase classname="Claims.Project.DashboardTest" name="TC_03_VerifyDashboardUIvsBackendMatch" time="0.0">
    <ignored/>
  </testcase> <!-- TC_03_VerifyDashboardUIvsBackendMatch -->
  <testcase classname="Claims.Project.DashboardTest" name="TC_07_VerifyPartnerLoginNavigation" time="0.0">
    <ignored/>
  </testcase> <!-- TC_07_VerifyPartnerLoginNavigation -->
  <testcase classname="Claims.Project.DashboardTest" name="TC_01_VerifyDashboardPageLoaded" time="0.0">
    <ignored/>
  </testcase> <!-- TC_01_VerifyDashboardPageLoaded -->
</testsuite> <!-- Default test -->
