<?xml version="1.0" encoding="UTF-8"?>
<!-- Generated by org.testng.reporters.JUnitXMLReporter -->
<testsuite ignored="0" hostname="LAPTOP-6CSJPV6G" failures="0" tests="4" name="Default test" time="33.98" errors="0" timestamp="2025-12-23T14:44:04 IST">
  <testcase classname="Claims.PartnerAdmin.Partner_Admin_FlowTest" name="verifyDashboardActiveClaimsCount" time="4.004"/>
  <testcase classname="Claims.PartnerAdmin.Partner_Admin_FlowTest" name="verifyPartnerRefereeList" time="3.809"/>
  <testcase classname="Claims.PartnerAdmin.Partner_Admin_FlowTest" name="verifyViewClaimsNavigation" time="4.123"/>
  <testcase classname="Claims.PartnerAdmin.Partner_Admin_FlowTest" name="verifyRecentClaimsListAndStatus" time="3.982"/>
</testsuite> <!-- Default test -->
