<?xml version="1.0" encoding="UTF-8"?>
<testng-results ignored="0" total="4" passed="4" failed="0" skipped="0">
  <reporter-output>
  </reporter-output>
  <suite started-at="2025-12-23T14:45:12 IST" name="MySuite" finished-at="2025-12-23T14:45:46 IST" duration-ms="34149">
    <groups>
    </groups>
    <test started-at="2025-12-23T14:45:12 IST" name="SmokeTest" finished-at="2025-12-23T14:45:46 IST" duration-ms="34149">
      <class name="Claims.PartnerAdmin.Partner_Admin_FlowTest">
        <test-method is-config="true" signature="setup()[pri:0, instance:Claims.PartnerAdmin.Partner_Admin_FlowTest@5c6648b0]" started-at="2025-12-23T14:45:12 IST" name="setup" finished-at="2025-12-23T14:45:17 IST" duration-ms="5103" status="PASS">
          <reporter-output>
          </reporter-output>
        </test-method> <!-- setup -->
        <test-method signature="verifyDashboardActiveClaimsCount()[pri:1, instance:Claims.PartnerAdmin.Partner_Admin_FlowTest@5c6648b0]" started-at="2025-12-23T14:45:17 IST" name="verifyDashboardActiveClaimsCount" finished-at="2025-12-23T14:45:21 IST" duration-ms="3909" status="PASS">
          <reporter-output>
          </reporter-output>
        </test-method> <!-- verifyDashboardActiveClaimsCount -->
        <test-method is-config="true" signature="tearDown()[pri:0, instance:Claims.PartnerAdmin.Partner_Admin_FlowTest@5c6648b0]" started-at="2025-12-23T14:45:21 IST" name="tearDown" finished-at="2025-12-23T14:45:22 IST" duration-ms="436" status="PASS">
          <reporter-output>
          </reporter-output>
        </test-method> <!-- tearDown -->
        <test-method is-config="true" signature="setup()[pri:0, instance:Claims.PartnerAdmin.Partner_Admin_FlowTest@5c6648b0]" started-at="2025-12-23T14:45:22 IST" name="setup" finished-at="2025-12-23T14:45:26 IST" duration-ms="3744" status="PASS">
          <reporter-output>
          </reporter-output>
        </test-method> <!-- setup -->
        <test-method signature="verifyPartnerRefereeList()[pri:2, instance:Claims.PartnerAdmin.Partner_Admin_FlowTest@5c6648b0]" started-at="2025-12-23T14:45:26 IST" name="verifyPartnerRefereeList" finished-at="2025-12-23T14:45:30 IST" duration-ms="3949" status="PASS">
          <reporter-output>
          </reporter-output>
        </test-method> <!-- verifyPartnerRefereeList -->
        <test-method is-config="true" signature="tearDown()[pri:0, instance:Claims.PartnerAdmin.Partner_Admin_FlowTest@5c6648b0]" started-at="2025-12-23T14:45:30 IST" name="tearDown" finished-at="2025-12-23T14:45:30 IST" duration-ms="464" status="PASS">
          <reporter-output>
          </reporter-output>
        </test-method> <!-- tearDown -->
        <test-method is-config="true" signature="setup()[pri:0, instance:Claims.PartnerAdmin.Partner_Admin_FlowTest@5c6648b0]" started-at="2025-12-23T14:45:30 IST" name="setup" finished-at="2025-12-23T14:45:34 IST" duration-ms="3610" status="PASS">
          <reporter-output>
          </reporter-output>
        </test-method> <!-- setup -->
        <test-method signature="verifyViewClaimsNavigation()[pri:3, instance:Claims.PartnerAdmin.Partner_Admin_FlowTest@5c6648b0]" started-at="2025-12-23T14:45:34 IST" name="verifyViewClaimsNavigation" finished-at="2025-12-23T14:45:38 IST" duration-ms="3951" status="PASS">
          <reporter-output>
          </reporter-output>
        </test-method> <!-- verifyViewClaimsNavigation -->
        <test-method is-config="true" signature="tearDown()[pri:0, instance:Claims.PartnerAdmin.Partner_Admin_FlowTest@5c6648b0]" started-at="2025-12-23T14:45:38 IST" name="tearDown" finished-at="2025-12-23T14:45:38 IST" duration-ms="480" status="PASS">
          <reporter-output>
          </reporter-output>
        </test-method> <!-- tearDown -->
        <test-method is-config="true" signature="setup()[pri:0, instance:Claims.PartnerAdmin.Partner_Admin_FlowTest@5c6648b0]" started-at="2025-12-23T14:45:38 IST" name="setup" finished-at="2025-12-23T14:45:42 IST" duration-ms="3726" status="PASS">
          <reporter-output>
          </reporter-output>
        </test-method> <!-- setup -->
        <test-method signature="verifyRecentClaimsListAndStatus()[pri:4, instance:Claims.PartnerAdmin.Partner_Admin_FlowTest@5c6648b0]" started-at="2025-12-23T14:45:42 IST" name="verifyRecentClaimsListAndStatus" finished-at="2025-12-23T14:45:46 IST" duration-ms="3961" status="PASS">
          <reporter-output>
          </reporter-output>
        </test-method> <!-- verifyRecentClaimsListAndStatus -->
        <test-method is-config="true" signature="tearDown()[pri:0, instance:Claims.PartnerAdmin.Partner_Admin_FlowTest@5c6648b0]" started-at="2025-12-23T14:45:46 IST" name="tearDown" finished-at="2025-12-23T14:45:46 IST" duration-ms="441" status="PASS">
          <reporter-output>
          </reporter-output>
        </test-method> <!-- tearDown -->
      </class> <!-- Claims.PartnerAdmin.Partner_Admin_FlowTest -->
    </test> <!-- SmokeTest -->
  </suite> <!-- MySuite -->
</testng-results>
