<?xml version="1.0" encoding="UTF-8"?>
<testng-results ignored="0" total="1" passed="1" failed="0" skipped="0">
  <reporter-output>
  </reporter-output>
  <suite started-at="2025-12-17T15:36:19 IST" name="Default suite" finished-at="2025-12-17T15:36:30 IST" duration-ms="11400">
    <groups>
    </groups>
    <test started-at="2025-12-17T15:36:19 IST" name="Default test" finished-at="2025-12-17T15:36:30 IST" duration-ms="11400">
      <class name="Claims.Project.DashboardTest">
        <test-method is-config="true" signature="setupAndLogin()[pri:0, instance:Claims.Project.DashboardTest@77c2494c]" started-at="2025-12-17T15:36:19 IST" name="setupAndLogin" finished-at="2025-12-17T15:36:27 IST" duration-ms="7362" status="PASS">
          <reporter-output>
          </reporter-output>
        </test-method> <!-- setupAndLogin -->
        <test-method signature="TC_06_VerifyValidSearchShowsCorrectResult()[pri:6, instance:Claims.Project.DashboardTest@77c2494c]" started-at="2025-12-17T15:36:27 IST" name="TC_06_VerifyValidSearchShowsCorrectResult" finished-at="2025-12-17T15:36:30 IST" duration-ms="3161" status="PASS">
          <reporter-output>
          </reporter-output>
        </test-method> <!-- TC_06_VerifyValidSearchShowsCorrectResult -->
        <test-method is-config="true" signature="screenshotOnFailure(org.testng.ITestResult)[pri:0, instance:Claims.Project.DashboardTest@77c2494c]" started-at="2025-12-17T15:36:30 IST" name="screenshotOnFailure" finished-at="2025-12-17T15:36:30 IST" duration-ms="2" status="PASS">
          <params>
            <param index="0">
              <value>
                <![CDATA[[TestResult name=TC_06_VerifyValidSearchShowsCorrectResult status=SUCCESS method=DashboardTest.TC_06_VerifyValidSearchShowsCorrectResult()[pri:6, instance:Claims.Project.DashboardTest@77c2494c] output={null}]]]>
              </value>
            </param>
          </params>
          <reporter-output>
          </reporter-output>
        </test-method> <!-- screenshotOnFailure -->
        <test-method is-config="true" signature="tearDown()[pri:0, instance:Claims.Project.DashboardTest@77c2494c]" started-at="2025-12-17T15:36:30 IST" name="tearDown" finished-at="2025-12-17T15:36:30 IST" duration-ms="491" status="PASS">
          <reporter-output>
          </reporter-output>
        </test-method> <!-- tearDown -->
      </class> <!-- Claims.Project.DashboardTest -->
    </test> <!-- Default test -->
  </suite> <!-- Default suite -->
</testng-results>
