<?xml version="1.0" encoding="UTF-8"?>
<!-- Generated by org.testng.reporters.JUnitReportReporter -->
<testsuite hostname="LAPTOP-6CSJPV6G" failures="0" tests="7" name="Claims.Project.DashboardTest" time="8.776" errors="0" timestamp="2025-12-22T11:15:40 IST" skipped="0">
  <testcase classname="Claims.Project.DashboardTest" name="TC_01_VerifyDashboardPageLoaded" time="0.029"/>
  <testcase classname="Claims.Project.DashboardTest" name="TC_02_VerifyDashboardDataLoaded" time="0.654"/>
  <testcase classname="Claims.Project.DashboardTest" name="TC_03_VerifyDashboardUIvsBackendMatch" time="3.751"/>
  <testcase classname="Claims.Project.DashboardTest" name="TC_04_VerifyViewAllNavigation" time="1.693"/>
  <testcase classname="Claims.Project.DashboardTest" name="TC_05_VerifyInvalidSearchShowsEmpty" time="1.339"/>
  <testcase classname="Claims.Project.DashboardTest" name="TC_06_VerifyValidSearchShowsCorrectResult" time="1.208"/>
  <testcase classname="Claims.Project.DashboardTest" name="TC_07_VerifyPartnerLoginNavigation" time="0.102"/>
</testsuite> <!-- Claims.Project.DashboardTest -->
