<?xml version="1.0" encoding="UTF-8"?>
<!-- Generated by org.testng.reporters.JUnitReportReporter -->
<testsuite hostname="LAPTOP-6CSJPV6G" failures="0" tests="4" name="Claims.PartnerAdmin.Partner_Admin_FlowTest" time="33.774" errors="0" timestamp="2025-12-23T14:45:47 IST" skipped="0">
  <testcase classname="Claims.PartnerAdmin.Partner_Admin_FlowTest" name="verifyDashboardActiveClaimsCount" time="8.089"/>
  <testcase classname="Claims.PartnerAdmin.Partner_Admin_FlowTest" name="verifyPartnerRefereeList" time="8.000"/>
  <testcase classname="Claims.PartnerAdmin.Partner_Admin_FlowTest" name="verifyViewClaimsNavigation" time="9.518"/>
  <testcase classname="Claims.PartnerAdmin.Partner_Admin_FlowTest" name="verifyRecentClaimsListAndStatus" time="8.167"/>
</testsuite> <!-- Claims.PartnerAdmin.Partner_Admin_FlowTest -->
