<?xml version="1.0" encoding="UTF-8"?>
<!-- Generated by org.testng.reporters.JUnitReportReporter -->
<testsuite hostname="LAPTOP-6CSJPV6G" failures="0" tests="2" name="Claims.Project.login" time="15.109" errors="0" timestamp="2025-12-11T18:05:06 IST" skipped="0">
  <testcase classname="Claims.Project.login" name="testPositiveLoginTakesScreenshot" time="8.140"/>
  <testcase classname="Claims.Project.login" name="testNegativeLoginInvalidPassword" time="6.969"/>
</testsuite> <!-- Claims.Project.login -->
